  Using 'git status' to determine working set for adaptive non-unity build (C:\Users\emman\Desktop\Legacy Mob Game Jams\SpaceShooter).
  Invalidating makefile for SpaceShooterManueEditor (MyActor.cpp modified)
  Parsing headers for SpaceShooterManueEditor
    Running UnrealHeaderTool "C:\Users\emman\Desktop\Legacy Mob Game Jams\SpaceShooter\SpaceShooterManue\SpaceShooterManue.uproject" "C:\Users\emman\Desktop\Legacy Mob Game Jams\SpaceShooter\SpaceShooterManue\Intermediate\Build\Win64\SpaceShooterManueEditor\Development\SpaceShooterManueEditor.uhtmanifest" -LogCmds="loginit warning, logexit warning, logdatabase error" -Unattended -WarningsAsErrors -abslog="C:\Users\emman\AppData\Local\UnrealBuildTool\Log_UHT.txt" -installed
  Reflection code generated for SpaceShooterManueEditor in 3.8933541 seconds
  Building SpaceShooterManueEditor...
  Using Visual Studio 2019 14.28.29336 toolchain (C:\Program Files (x86)\Microsoft Visual Studio\2019\Community\VC\Tools\MSVC\14.28.29333) and Windows 10.0.18362.0 SDK (C:\Program Files (x86)\Windows Kits\10).
  Building 8 actions with 12 processes...
    [1/8] SpaceShooterManue.init.gen.cpp
    [2/8] MyActor.cpp
    [3/8] MyActor.gen.cpp
    [4/8] ObstacleManager.gen.cpp
    [5/8] ObstacleManager.cpp
    [6/8] UE4Editor-SpaceShooterManue-0001.lib
       Creating library C:\Users\emman\Desktop\Legacy Mob Game Jams\SpaceShooter\SpaceShooterManue\Intermediate\Build\Win64\UE4Editor\Development\SpaceShooterManue\UE4Editor-SpaceShooterManue-0001.lib and object C:\Users\emman\Desktop\Legacy Mob Game Jams\SpaceShooter\SpaceShooterManue\Intermediate\Build\Win64\UE4Editor\Development\SpaceShooterManue\UE4Editor-SpaceShooterManue-0001.exp
    [7/8] UE4Editor-SpaceShooterManue-0001.dll
       Creating library C:\Users\emman\Desktop\Legacy Mob Game Jams\SpaceShooter\SpaceShooterManue\Intermediate\Build\Win64\UE4Editor\Development\SpaceShooterManue\UE4Editor-SpaceShooterManue-0001.suppressed.lib and object C:\Users\emman\Desktop\Legacy Mob Game Jams\SpaceShooter\SpaceShooterManue\Intermediate\Build\Win64\UE4Editor\Development\SpaceShooterManue\UE4Editor-SpaceShooterManue-0001.suppressed.exp
    [8/8] SpaceShooterManueEditor.target
  Total time in Parallel executor: 6.44 seconds
  Total execution time: 12.07 seconds
